# JRE version: OpenJDK Runtime Environment (17.0.10) (build 17.0.10+0--11609105)
# Java VM: OpenJDK 64-Bit Server VM (17.0.10+0--11609105, mixed mode, tiered, compressed oops, compressed class ptrs, g1 gc, windows-amd64)
GC Precious Log:
 CPUs: 12 total, 12 available
 Memory: 7829M
 Large Page Support: Disabled
 NUMA Support: Disabled
 Compressed Oops: Enabled (32-bit)
 Heap Region Size: 1M
 Heap Min Capacity: 8M
 Heap Initial Capacity: 124M
 Heap Max Capacity: 2G
 Pre-touch: Disabled
 Parallel Workers: 10
 Concurrent Workers: 3
 Concurrent Refinement Workers: 10
 Periodic GC: Disabled
Heap:
 garbage-first heap   total 184320K, used 99426K [0x0000000080000000, 0x0000000100000000)
  region size 1024K, 8 young (8192K), 8 survivors (8192K)
 Metaspace       used 106191K, committed 107072K, reserved 1179648K
  class space    used 14308K, committed 14784K, reserved 1048576K
GC Heap History (20 events):
Event: 8.491 GC heap after
{Heap after GC invocations=29 (full 0):
 garbage-first heap   total 153600K, used 73772K [0x0000000080000000, 0x0000000100000000)
  region size 1024K, 6 young (6144K), 6 survivors (6144K)
 Metaspace       used 90423K, committed 91072K, reserved 1179648K
  class space    used 12578K, committed 12864K, reserved 1048576K
}
Event: 8.916 GC heap before
{Heap before GC invocations=29 (full 0):
 garbage-first heap   total 153600K, used 121900K [0x0000000080000000, 0x0000000100000000)
  region size 1024K, 54 young (55296K), 6 survivors (6144K)
 Metaspace       used 94416K, committed 95104K, reserved 1179648K
  class space    used 13071K, committed 13376K, reserved 1048576K
}
Event: 8.922 GC heap after
{Heap after GC invocations=30 (full 0):
 garbage-first heap   total 153600K, used 78269K [0x0000000080000000, 0x0000000100000000)
  region size 1024K, 7 young (7168K), 7 survivors (7168K)
 Metaspace       used 94416K, committed 95104K, reserved 1179648K
  class space    used 13071K, committed 13376K, reserved 1048576K
}
Event: 9.330 GC heap before
{Heap before GC invocations=31 (full 0):
 garbage-first heap   total 153600K, used 128445K [0x0000000080000000, 0x0000000100000000)
  region size 1024K, 52 young (53248K), 7 survivors (7168K)
 Metaspace       used 97631K, committed 98368K, reserved 1179648K
  class space    used 13524K, committed 13888K, reserved 1048576K
}
Event: 9.337 GC heap after
{Heap after GC invocations=32 (full 0):
 garbage-first heap   total 153600K, used 84101K [0x0000000080000000, 0x0000000100000000)
  region size 1024K, 7 young (7168K), 7 survivors (7168K)
 Metaspace       used 97631K, committed 98368K, reserved 1179648K
  class space    used 13524K, committed 13888K, reserved 1048576K
}
Event: 9.339 GC heap before
{Heap before GC invocations=32 (full 0):
 garbage-first heap   total 153600K, used 85125K [0x0000000080000000, 0x0000000100000000)
  region size 1024K, 8 young (8192K), 7 survivors (7168K)
 Metaspace       used 97632K, committed 98368K, reserved 1179648K
  class space    used 13524K, committed 13888K, reserved 1048576K
}
Event: 9.343 GC heap after
{Heap after GC invocations=33 (full 0):
 garbage-first heap   total 184320K, used 84132K [0x0000000080000000, 0x0000000100000000)
  region size 1024K, 1 young (1024K), 1 survivors (1024K)
 Metaspace       used 97632K, committed 98368K, reserved 1179648K
  class space    used 13524K, committed 13888K, reserved 1048576K
}
Event: 9.581 GC heap before
{Heap before GC invocations=33 (full 0):
 garbage-first heap   total 184320K, used 141476K [0x0000000080000000, 0x0000000100000000)
  region size 1024K, 57 young (58368K), 1 survivors (1024K)
 Metaspace       used 98016K, committed 98688K, reserved 1179648K
  class space    used 13563K, committed 13888K, reserved 1048576K
}
Event: 9.584 GC heap after
{Heap after GC invocations=34 (full 0):
 garbage-first heap   total 184320K, used 87371K [0x0000000080000000, 0x0000000100000000)
  region size 1024K, 5 young (5120K), 5 survivors (5120K)
 Metaspace       used 98016K, committed 98688K, reserved 1179648K
  class space    used 13563K, committed 13888K, reserved 1048576K
}
Event: 9.861 GC heap before
{Heap before GC invocations=35 (full 0):
 garbage-first heap   total 184320K, used 144715K [0x0000000080000000, 0x0000000100000000)
  region size 1024K, 62 young (63488K), 5 survivors (5120K)
 Metaspace       used 98518K, committed 99264K, reserved 1179648K
  class space    used 13609K, committed 13952K, reserved 1048576K
}
Event: 9.865 GC heap after
{Heap after GC invocations=36 (full 0):
 garbage-first heap   total 184320K, used 89736K [0x0000000080000000, 0x0000000100000000)
  region size 1024K, 7 young (7168K), 7 survivors (7168K)
 Metaspace       used 98518K, committed 99264K, reserved 1179648K
  class space    used 13609K, committed 13952K, reserved 1048576K
}
Event: 9.869 GC heap before
{Heap before GC invocations=36 (full 0):
 garbage-first heap   total 184320K, used 91784K [0x0000000080000000, 0x0000000100000000)
  region size 1024K, 9 young (9216K), 7 survivors (7168K)
 Metaspace       used 98524K, committed 99264K, reserved 1179648K
  class space    used 13610K, committed 13952K, reserved 1048576K
}
Event: 9.872 GC heap after
{Heap after GC invocations=37 (full 0):
 garbage-first heap   total 184320K, used 88972K [0x0000000080000000, 0x0000000100000000)
  region size 1024K, 2 young (2048K), 2 survivors (2048K)
 Metaspace       used 98524K, committed 99264K, reserved 1179648K
  class space    used 13610K, committed 13952K, reserved 1048576K
}
Event: 10.105 GC heap before
{Heap before GC invocations=37 (full 0):
 garbage-first heap   total 184320K, used 146316K [0x0000000080000000, 0x0000000100000000)
  region size 1024K, 59 young (60416K), 2 survivors (2048K)
 Metaspace       used 98736K, committed 99520K, reserved 1179648K
  class space    used 13617K, committed 13952K, reserved 1048576K
}
Event: 10.110 GC heap after
{Heap after GC invocations=38 (full 0):
 garbage-first heap   total 184320K, used 91820K [0x0000000080000000, 0x0000000100000000)
  region size 1024K, 5 young (5120K), 5 survivors (5120K)
 Metaspace       used 98736K, committed 99520K, reserved 1179648K
  class space    used 13617K, committed 13952K, reserved 1048576K
}
Event: 191.982 GC heap before
{Heap before GC invocations=39 (full 0):
 garbage-first heap   total 184320K, used 148140K [0x0000000080000000, 0x0000000100000000)
  region size 1024K, 61 young (62464K), 5 survivors (5120K)
 Metaspace       used 105326K, committed 106176K, reserved 1179648K
  class space    used 14281K, committed 14720K, reserved 1048576K
}
Event: 192.093 GC heap after
{Heap after GC invocations=40 (full 0):
 garbage-first heap   total 184320K, used 93424K [0x0000000080000000, 0x0000000100000000)
  region size 1024K, 3 young (3072K), 3 survivors (3072K)
 Metaspace       used 105326K, committed 106176K, reserved 1179648K
  class space    used 14281K, committed 14720K, reserved 1048576K
}
Event: 192.128 GC heap before
{Heap before GC invocations=40 (full 0):
 garbage-first heap   total 184320K, used 99568K [0x0000000080000000, 0x0000000100000000)
  region size 1024K, 9 young (9216K), 3 survivors (3072K)
 Metaspace       used 105326K, committed 106176K, reserved 1179648K
  class space    used 14281K, committed 14720K, reserved 1048576K
}
Event: 192.158 GC heap after
{Heap after GC invocations=41 (full 0):
 garbage-first heap   total 184320K, used 91960K [0x0000000080000000, 0x0000000100000000)
  region size 1024K, 1 young (1024K), 1 survivors (1024K)
 Metaspace       used 105326K, committed 106176K, reserved 1179648K
  class space    used 14281K, committed 14720K, reserved 1048576K
}
Event: 194.488 GC heap before
{Heap before GC invocations=41 (full 0):
 garbage-first heap   total 184320K, used 151352K [0x0000000080000000, 0x0000000100000000)
  region size 1024K, 59 young (60416K), 1 survivors (1024K)
 Metaspace       used 106191K, committed 107072K, reserved 1179648K
  class space    used 14308K, committed 14784K, reserved 1048576K
}

