# JRE version: OpenJDK Runtime Environment (17.0.10) (build 17.0.10+0--11609105)
# Java VM: OpenJDK 64-Bit Server VM (17.0.10+0--11609105, mixed mode, tiered, compressed oops, compressed class ptrs, g1 gc, windows-amd64)
GC Precious Log:
 CPUs: 12 total, 12 available
 Memory: 7829M
 Large Page Support: Disabled
 NUMA Support: Disabled
 Compressed Oops: Enabled (32-bit)
 Heap Region Size: 1M
 Heap Min Capacity: 8M
 Heap Initial Capacity: 124M
 Heap Max Capacity: 2G
 Pre-touch: Disabled
 Parallel Workers: 10
 Concurrent Workers: 3
 Concurrent Refinement Workers: 10
 Periodic GC: Disabled
Heap:
 garbage-first heap   total 146432K, used 90968K [0x0000000080000000, 0x0000000100000000)
  region size 1024K, 1 young (1024K), 1 survivors (1024K)
 Metaspace       used 65936K, committed 66624K, reserved 1114112K
  class space    used 8967K, committed 9280K, reserved 1048576K
GC Heap History (20 events):
Event: 7.134 GC heap after
{Heap after GC invocations=25 (full 0):
 garbage-first heap   total 121856K, used 68542K [0x0000000080000000, 0x0000000100000000)
  region size 1024K, 2 young (2048K), 2 survivors (2048K)
 Metaspace       used 52990K, committed 53632K, reserved 1114112K
  class space    used 7082K, committed 7360K, reserved 1048576K
}
Event: 7.344 GC heap before
{Heap before GC invocations=25 (full 0):
 garbage-first heap   total 121856K, used 87998K [0x0000000080000000, 0x0000000100000000)
  region size 1024K, 22 young (22528K), 2 survivors (2048K)
 Metaspace       used 53844K, committed 54464K, reserved 1114112K
  class space    used 7240K, committed 7552K, reserved 1048576K
}
Event: 7.346 GC heap after
{Heap after GC invocations=26 (full 0):
 garbage-first heap   total 121856K, used 69336K [0x0000000080000000, 0x0000000100000000)
  region size 1024K, 2 young (2048K), 2 survivors (2048K)
 Metaspace       used 53844K, committed 54464K, reserved 1114112K
  class space    used 7240K, committed 7552K, reserved 1048576K
}
Event: 7.719 GC heap before
{Heap before GC invocations=27 (full 0):
 garbage-first heap   total 121856K, used 89816K [0x0000000080000000, 0x0000000100000000)
  region size 1024K, 23 young (23552K), 2 survivors (2048K)
 Metaspace       used 56651K, committed 57280K, reserved 1114112K
  class space    used 7685K, committed 8000K, reserved 1048576K
}
Event: 7.723 GC heap after
{Heap after GC invocations=28 (full 0):
 garbage-first heap   total 121856K, used 70550K [0x0000000080000000, 0x0000000100000000)
  region size 1024K, 3 young (3072K), 3 survivors (3072K)
 Metaspace       used 56651K, committed 57280K, reserved 1114112K
  class space    used 7685K, committed 8000K, reserved 1048576K
}
Event: 7.761 GC heap before
{Heap before GC invocations=28 (full 0):
 garbage-first heap   total 121856K, used 72598K [0x0000000080000000, 0x0000000100000000)
  region size 1024K, 5 young (5120K), 3 survivors (3072K)
 Metaspace       used 56872K, committed 57472K, reserved 1114112K
  class space    used 7719K, committed 8000K, reserved 1048576K
}
Event: 7.767 GC heap after
{Heap after GC invocations=29 (full 0):
 garbage-first heap   total 146432K, used 70903K [0x0000000080000000, 0x0000000100000000)
  region size 1024K, 1 young (1024K), 1 survivors (1024K)
 Metaspace       used 56872K, committed 57472K, reserved 1114112K
  class space    used 7719K, committed 8000K, reserved 1048576K
}
Event: 8.401 GC heap before
{Heap before GC invocations=29 (full 0):
 garbage-first heap   total 146432K, used 107767K [0x0000000080000000, 0x0000000100000000)
  region size 1024K, 37 young (37888K), 1 survivors (1024K)
 Metaspace       used 60492K, committed 61120K, reserved 1114112K
  class space    used 8326K, committed 8640K, reserved 1048576K
}
Event: 8.404 GC heap after
{Heap after GC invocations=30 (full 0):
 garbage-first heap   total 146432K, used 73117K [0x0000000080000000, 0x0000000100000000)
  region size 1024K, 3 young (3072K), 3 survivors (3072K)
 Metaspace       used 60492K, committed 61120K, reserved 1114112K
  class space    used 8326K, committed 8640K, reserved 1048576K
}
Event: 8.972 GC heap before
{Heap before GC invocations=31 (full 0):
 garbage-first heap   total 146432K, used 108957K [0x0000000080000000, 0x0000000100000000)
  region size 1024K, 39 young (39936K), 3 survivors (3072K)
 Metaspace       used 61450K, committed 62080K, reserved 1114112K
  class space    used 8423K, committed 8704K, reserved 1048576K
}
Event: 8.977 GC heap after
{Heap after GC invocations=32 (full 0):
 garbage-first heap   total 146432K, used 77577K [0x0000000080000000, 0x0000000100000000)
  region size 1024K, 5 young (5120K), 5 survivors (5120K)
 Metaspace       used 61450K, committed 62080K, reserved 1114112K
  class space    used 8423K, committed 8704K, reserved 1048576K
}
Event: 8.986 GC heap before
{Heap before GC invocations=32 (full 0):
 garbage-first heap   total 146432K, used 79625K [0x0000000080000000, 0x0000000100000000)
  region size 1024K, 7 young (7168K), 5 survivors (5120K)
 Metaspace       used 61463K, committed 62144K, reserved 1114112K
  class space    used 8423K, committed 8704K, reserved 1048576K
}
Event: 8.989 GC heap after
{Heap after GC invocations=33 (full 0):
 garbage-first heap   total 146432K, used 77644K [0x0000000080000000, 0x0000000100000000)
  region size 1024K, 1 young (1024K), 1 survivors (1024K)
 Metaspace       used 61463K, committed 62144K, reserved 1114112K
  class space    used 8423K, committed 8704K, reserved 1048576K
}
Event: 9.063 GC heap before
{Heap before GC invocations=33 (full 0):
 garbage-first heap   total 146432K, used 86860K [0x0000000080000000, 0x0000000100000000)
  region size 1024K, 11 young (11264K), 1 survivors (1024K)
 Metaspace       used 61646K, committed 62336K, reserved 1114112K
  class space    used 8441K, committed 8768K, reserved 1048576K
}
Event: 9.065 GC heap after
{Heap after GC invocations=34 (full 0):
 garbage-first heap   total 146432K, used 78995K [0x0000000080000000, 0x0000000100000000)
  region size 1024K, 3 young (3072K), 3 survivors (3072K)
 Metaspace       used 61646K, committed 62336K, reserved 1114112K
  class space    used 8441K, committed 8768K, reserved 1048576K
}
Event: 9.403 GC heap before
{Heap before GC invocations=35 (full 0):
 garbage-first heap   total 146432K, used 117907K [0x0000000080000000, 0x0000000100000000)
  region size 1024K, 35 young (35840K), 3 survivors (3072K)
 Metaspace       used 63441K, committed 64192K, reserved 1114112K
  class space    used 8681K, committed 9024K, reserved 1048576K
}
Event: 9.406 GC heap after
{Heap after GC invocations=36 (full 0):
 garbage-first heap   total 146432K, used 90956K [0x0000000080000000, 0x0000000100000000)
  region size 1024K, 5 young (5120K), 5 survivors (5120K)
 Metaspace       used 63441K, committed 64192K, reserved 1114112K
  class space    used 8681K, committed 9024K, reserved 1048576K
}
Event: 9.419 GC heap before
{Heap before GC invocations=36 (full 0):
 garbage-first heap   total 146432K, used 91980K [0x0000000080000000, 0x0000000100000000)
  region size 1024K, 7 young (7168K), 5 survivors (5120K)
 Metaspace       used 63558K, committed 64256K, reserved 1114112K
  class space    used 8693K, committed 9024K, reserved 1048576K
}
Event: 9.422 GC heap after
{Heap after GC invocations=37 (full 0):
 garbage-first heap   total 146432K, used 90547K [0x0000000080000000, 0x0000000100000000)
  region size 1024K, 1 young (1024K), 1 survivors (1024K)
 Metaspace       used 63558K, committed 64256K, reserved 1114112K
  class space    used 8693K, committed 9024K, reserved 1048576K
}
Event: 9.732 GC heap before
{Heap before GC invocations=37 (full 0):
 garbage-first heap   total 146432K, used 116147K [0x0000000080000000, 0x0000000100000000)
  region size 1024K, 27 young (27648K), 1 survivors (1024K)
 Metaspace       used 65936K, committed 66624K, reserved 1114112K
  class space    used 8967K, committed 9280K, reserved 1048576K
}

