# JRE version: OpenJDK Runtime Environment (17.0.10) (build 17.0.10+0--11609105)
# Java VM: OpenJDK 64-Bit Server VM (17.0.10+0--11609105, mixed mode, tiered, compressed oops, compressed class ptrs, g1 gc, windows-amd64)
GC Precious Log:
 CPUs: 12 total, 12 available
 Memory: 7829M
 Large Page Support: Disabled
 NUMA Support: Disabled
 Compressed Oops: Enabled (32-bit)
 Heap Region Size: 1M
 Heap Min Capacity: 8M
 Heap Initial Capacity: 124M
 Heap Max Capacity: 2G
 Pre-touch: Disabled
 Parallel Workers: 10
 Concurrent Workers: 3
 Concurrent Refinement Workers: 10
 Periodic GC: Disabled
Heap:
 garbage-first heap   total 206848K, used 142718K [0x0000000080000000, 0x0000000100000000)
  region size 1024K, 14 young (14336K), 4 survivors (4096K)
 Metaspace       used 103658K, committed 104512K, reserved 1179648K
  class space    used 14053K, committed 14464K, reserved 1048576K
GC Heap History (20 events):
Event: 14.065 GC heap before
{Heap before GC invocations=34 (full 0):
 garbage-first heap   total 143360K, used 122948K [0x0000000080000000, 0x0000000100000000)
  region size 1024K, 46 young (47104K), 7 survivors (7168K)
 Metaspace       used 98097K, committed 98880K, reserved 1179648K
  class space    used 13547K, committed 13952K, reserved 1048576K
}
Event: 14.073 GC heap after
{Heap after GC invocations=35 (full 0):
 garbage-first heap   total 143360K, used 84262K [0x0000000080000000, 0x0000000100000000)
  region size 1024K, 6 young (6144K), 6 survivors (6144K)
 Metaspace       used 98097K, committed 98880K, reserved 1179648K
  class space    used 13547K, committed 13952K, reserved 1048576K
}
Event: 14.231 GC heap before
{Heap before GC invocations=35 (full 0):
 garbage-first heap   total 143360K, used 118054K [0x0000000080000000, 0x0000000100000000)
  region size 1024K, 40 young (40960K), 6 survivors (6144K)
 Metaspace       used 98192K, committed 99008K, reserved 1179648K
  class space    used 13557K, committed 13952K, reserved 1048576K
}
Event: 14.236 GC heap after
{Heap after GC invocations=36 (full 0):
 garbage-first heap   total 143360K, used 86060K [0x0000000080000000, 0x0000000100000000)
  region size 1024K, 4 young (4096K), 4 survivors (4096K)
 Metaspace       used 98192K, committed 99008K, reserved 1179648K
  class space    used 13557K, committed 13952K, reserved 1048576K
}
Event: 14.660 GC heap before
{Heap before GC invocations=36 (full 0):
 garbage-first heap   total 143360K, used 117804K [0x0000000080000000, 0x0000000100000000)
  region size 1024K, 36 young (36864K), 4 survivors (4096K)
 Metaspace       used 99120K, committed 99968K, reserved 1179648K
  class space    used 13667K, committed 14080K, reserved 1048576K
}
Event: 14.663 GC heap after
{Heap after GC invocations=37 (full 0):
 garbage-first heap   total 172032K, used 87827K [0x0000000080000000, 0x0000000100000000)
  region size 1024K, 4 young (4096K), 4 survivors (4096K)
 Metaspace       used 99120K, committed 99968K, reserved 1179648K
  class space    used 13667K, committed 14080K, reserved 1048576K
}
Event: 15.400 GC heap before
{Heap before GC invocations=37 (full 0):
 garbage-first heap   total 172032K, used 145171K [0x0000000080000000, 0x0000000100000000)
  region size 1024K, 52 young (53248K), 4 survivors (4096K)
 Metaspace       used 100703K, committed 101504K, reserved 1179648K
  class space    used 13806K, committed 14208K, reserved 1048576K
}
Event: 15.410 GC heap after
{Heap after GC invocations=38 (full 0):
 garbage-first heap   total 172032K, used 107500K [0x0000000080000000, 0x0000000100000000)
  region size 1024K, 7 young (7168K), 7 survivors (7168K)
 Metaspace       used 100703K, committed 101504K, reserved 1179648K
  class space    used 13806K, committed 14208K, reserved 1048576K
}
Event: 15.767 GC heap before
{Heap before GC invocations=38 (full 0):
 garbage-first heap   total 172032K, used 133100K [0x0000000080000000, 0x0000000100000000)
  region size 1024K, 33 young (33792K), 7 survivors (7168K)
 Metaspace       used 101096K, committed 101952K, reserved 1179648K
  class space    used 13839K, committed 14272K, reserved 1048576K
}
Event: 15.774 GC heap after
{Heap after GC invocations=39 (full 0):
 garbage-first heap   total 172032K, used 115529K [0x0000000080000000, 0x0000000100000000)
  region size 1024K, 5 young (5120K), 5 survivors (5120K)
 Metaspace       used 101096K, committed 101952K, reserved 1179648K
  class space    used 13839K, committed 14272K, reserved 1048576K
}
Event: 16.075 GC heap before
{Heap before GC invocations=39 (full 0):
 garbage-first heap   total 172032K, used 144201K [0x0000000080000000, 0x0000000100000000)
  region size 1024K, 25 young (25600K), 5 survivors (5120K)
 Metaspace       used 101306K, committed 102144K, reserved 1179648K
  class space    used 13851K, committed 14272K, reserved 1048576K
}
Event: 16.080 GC heap after
{Heap after GC invocations=40 (full 0):
 garbage-first heap   total 172032K, used 120488K [0x0000000080000000, 0x0000000100000000)
  region size 1024K, 4 young (4096K), 4 survivors (4096K)
 Metaspace       used 101306K, committed 102144K, reserved 1179648K
  class space    used 13851K, committed 14272K, reserved 1048576K
}
Event: 16.287 GC heap before
{Heap before GC invocations=40 (full 0):
 garbage-first heap   total 172032K, used 138920K [0x0000000080000000, 0x0000000100000000)
  region size 1024K, 23 young (23552K), 4 survivors (4096K)
 Metaspace       used 101376K, committed 102144K, reserved 1179648K
  class space    used 13856K, committed 14272K, reserved 1048576K
}
Event: 16.293 GC heap after
{Heap after GC invocations=41 (full 0):
 garbage-first heap   total 172032K, used 123492K [0x0000000080000000, 0x0000000100000000)
  region size 1024K, 3 young (3072K), 3 survivors (3072K)
 Metaspace       used 101376K, committed 102144K, reserved 1179648K
  class space    used 13856K, committed 14272K, reserved 1048576K
}
Event: 16.349 GC heap before
{Heap before GC invocations=41 (full 0):
 garbage-first heap   total 172032K, used 136804K [0x0000000080000000, 0x0000000100000000)
  region size 1024K, 9 young (9216K), 3 survivors (3072K)
 Metaspace       used 101384K, committed 102208K, reserved 1179648K
  class space    used 13856K, committed 14272K, reserved 1048576K
}
Event: 16.353 GC heap after
{Heap after GC invocations=42 (full 0):
 garbage-first heap   total 206848K, used 131072K [0x0000000080000000, 0x0000000100000000)
  region size 1024K, 3 young (3072K), 3 survivors (3072K)
 Metaspace       used 101384K, committed 102208K, reserved 1179648K
  class space    used 13856K, committed 14272K, reserved 1048576K
}
Event: 16.504 GC heap before
{Heap before GC invocations=42 (full 0):
 garbage-first heap   total 206848K, used 160768K [0x0000000080000000, 0x0000000100000000)
  region size 1024K, 25 young (25600K), 3 survivors (3072K)
 Metaspace       used 101812K, committed 102656K, reserved 1179648K
  class space    used 13888K, committed 14336K, reserved 1048576K
}
Event: 16.508 GC heap after
{Heap after GC invocations=43 (full 0):
 garbage-first heap   total 206848K, used 130950K [0x0000000080000000, 0x0000000100000000)
  region size 1024K, 4 young (4096K), 4 survivors (4096K)
 Metaspace       used 101812K, committed 102656K, reserved 1179648K
  class space    used 13888K, committed 14336K, reserved 1048576K
}
Event: 16.625 GC heap before
{Heap before GC invocations=43 (full 0):
 garbage-first heap   total 206848K, used 155526K [0x0000000080000000, 0x0000000100000000)
  region size 1024K, 28 young (28672K), 4 survivors (4096K)
 Metaspace       used 102848K, committed 103680K, reserved 1179648K
  class space    used 13987K, committed 14400K, reserved 1048576K
}
Event: 16.629 GC heap after
{Heap after GC invocations=44 (full 0):
 garbage-first heap   total 206848K, used 134526K [0x0000000080000000, 0x0000000100000000)
  region size 1024K, 4 young (4096K), 4 survivors (4096K)
 Metaspace       used 102848K, committed 103680K, reserved 1179648K
  class space    used 13987K, committed 14400K, reserved 1048576K
}

